SF:lib/data/dtos/launches_dto.dart
DA:29,4
DA:56,2
DA:57,2
DA:58,2
DA:59,2
DA:60,4
DA:61,2
DA:62,2
DA:63,2
DA:64,2
DA:65,2
DA:66,2
DA:67,2
DA:68,2
DA:69,2
DA:70,4
DA:71,4
DA:72,4
DA:73,4
DA:74,2
DA:75,2
DA:76,0
DA:78,4
DA:79,2
DA:80,2
DA:81,2
DA:82,2
DA:83,2
DA:96,4
DA:105,2
DA:106,2
DA:107,2
DA:108,2
DA:109,2
DA:110,4
DA:111,4
DA:112,2
DA:120,4
DA:122,2
DA:123,2
DA:124,10
DA:141,3
DA:154,2
DA:155,2
DA:156,2
DA:157,2
DA:158,2
DA:159,2
DA:160,2
DA:161,2
DA:162,2
DA:163,2
DA:164,2
DA:165,2
DA:174,4
DA:176,2
DA:177,2
DA:178,2
DA:179,2
DA:180,6
DA:181,2
DA:199,3
DA:213,2
DA:214,2
DA:215,2
DA:216,4
DA:217,2
DA:218,4
DA:219,2
DA:220,2
DA:221,2
DA:222,2
DA:223,2
DA:224,2
DA:225,4
DA:247,3
DA:265,2
DA:266,2
DA:267,2
DA:268,2
DA:269,2
DA:270,2
DA:271,2
DA:272,2
DA:273,2
DA:274,2
DA:275,2
DA:276,2
DA:277,2
DA:278,2
DA:279,2
DA:280,2
DA:281,2
DA:292,1
DA:299,0
DA:300,0
DA:301,0
DA:302,0
DA:303,0
DA:304,0
DA:312,4
DA:314,2
DA:315,4
DA:324,4
DA:330,2
DA:331,2
DA:332,2
DA:333,2
DA:334,2
DA:344,1
DA:350,0
DA:351,0
DA:352,0
DA:353,0
DA:354,0
DA:373,4
DA:388,2
DA:389,2
DA:390,2
DA:391,2
DA:392,2
DA:393,2
DA:394,2
DA:395,2
DA:396,2
DA:397,2
DA:398,2
DA:399,2
DA:400,2
DA:401,4
DA:409,1
DA:411,0
DA:412,0
LF:133
LH:119
end_of_record
SF:lib/data/remote_data_sources/remote_v3_data_source.dart
DA:6,1
DA:7,0
DA:9,1
DA:10,2
DA:11,1
DA:13,2
DA:14,1
LF:7
LH:6
end_of_record
SF:lib/data/repositories/spacex_repository_impl.dart
DA:9,1
DA:11,0
DA:12,1
DA:14,2
DA:15,2
DA:16,1
DA:19,1
LF:7
LH:6
end_of_record
SF:lib/services/api_service.dart
DA:6,1
DA:8,2
DA:10,3
DA:18,0
DA:19,0
DA:20,0
DA:24,1
DA:25,2
LF:8
LH:5
end_of_record
SF:lib/infra/extensions.dart
DA:2,2
DA:3,2
LF:2
LH:2
end_of_record
SF:lib/data/mappers/spacex_flight_mapper.dart
DA:5,2
DA:6,2
DA:7,4
DA:8,2
DA:10,6
DA:11,4
DA:12,4
DA:13,4
DA:14,4
LF:9
LH:9
end_of_record
SF:lib/domain/value_objects/spacex_flight.dart
DA:9,3
DA:19,1
DA:22,0
DA:23,0
DA:24,0
DA:25,0
DA:28,0
DA:30,0
LF:8
LH:2
end_of_record
SF:lib/domain/value_objects/spacex_flight_folder.dart
DA:7,1
DA:12,1
DA:13,2
DA:14,2
DA:17,1
DA:18,2
DA:19,2
DA:20,2
DA:23,0
DA:26,0
DA:27,0
DA:30,0
DA:31,0
LF:13
LH:8
end_of_record
SF:lib/domain/usecases/get_spacex_launches_usecase.dart
DA:8,1
DA:9,0
DA:10,1
DA:11,2
DA:12,4
LF:5
LH:4
end_of_record
